{
  "RSpec": {
    "coverage": {
      "/home/nicu/programare/Microverse-Projects/practice-tdd/solver.rb": {
        "lines": [
          1,
          1,
          3,
          1,
          null,
          null,
          2,
          2,
          15,
          null,
          2,
          null,
          null,
          null,
          1,
          4,
          null,
          null,
          1,
          4,
          4,
          4,
          4,
          4,
          null,
          null
        ]
      }
    },
    "timestamp": 1643923585
  }
}
